<?xml version="1.0" encoding="UTF-8"?>
<!-- Generated by org.testng.reporters.JUnitReportReporter -->
<testsuite hostname="LAPTOP-MB7DGVQG" failures="0" tests="1" name="Search1.Dev" time="2.238" errors="0" timestamp="2024-06-16T13:41:45 IST" skipped="0">
  <testcase classname="Search1.Dev" name="dev" time="2.238"/>
</testsuite> <!-- Search1.Dev -->
