<?xml version="1.0" encoding="UTF-8"?>
<!-- Generated by org.testng.reporters.JUnitReportReporter -->
<testsuite hostname="LAPTOP-MB7DGVQG" failures="0" tests="1" name="frwk1.Home1" time="6.327" errors="0" timestamp="2024-06-16T13:41:45 IST" skipped="0">
  <testcase classname="frwk1.Home1" name="f" time="6.327"/>
</testsuite> <!-- frwk1.Home1 -->
